{
  "stats": {
    "suites": 1,
    "tests": 1,
    "passes": 1,
    "pending": 0,
    "failures": 0,
    "start": "2022-02-04T10:57:41.540Z",
    "end": "2022-02-04T10:57:55.684Z",
    "duration": 14144,
    "testsRegistered": 1,
    "passPercent": 100,
    "pendingPercent": 0,
    "other": 0,
    "hasOther": false,
    "skipped": 0,
    "hasSkipped": false
  },
  "results": [
    {
      "uuid": "8bf7056a-a2a5-4827-b9f0-328fafc1fdb2",
      "title": "",
      "fullFile": "cypress/integration/myExamples/TestFramework.js",
      "file": "cypress/integration/myExamples/TestFramework.js",
      "beforeHooks": [],
      "afterHooks": [],
      "tests": [],
      "suites": [
        {
          "uuid": "b5c5aec1-7030-423d-b92f-264911c7fdc6",
          "title": "My first ever test suite on JS",
          "fullFile": "",
          "file": "",
          "beforeHooks": [],
          "afterHooks": [],
          "tests": [
            {
              "title": "My first ever test case on JS(visit)",
              "fullTitle": "My first ever test suite on JS My first ever test case on JS(visit)",
              "timedOut": null,
              "duration": 11721,
              "state": "passed",
              "speed": "slow",
              "pass": true,
              "fail": false,
              "pending": false,
              "context": null,
              "code": "const homePage = new _HomePage.default();\nconst productsPage = new _ProductsPage.default();\ncy.visit(Cypress.env(\"practiceUdemuCourseUrl\"));\nhomePage.getEditBox().type(this.data.name);\nhomePage.getEmail().type(this.data.email);\nhomePage.getPassword().type(this.data.password);\nhomePage.setIfYouLoveIcecream(this.data.ifyouLoveIceCreams);\nhomePage.getGender().select(this.data.gender);\nhomePage.setEmploymentStatus(this.data.employmentStatus);\nhomePage.getDate().type(\"2010-04-10\");\nhomePage.getEditBox().should(\"have.value\", this.data.name).and(\"have.attr\", \"minlength\", \"2\"); //проверка значения и что обязательная длина больше 2\nhomePage.getEntrepreneur().should(\"be.disabled\"); //проверка аттрибута\n// cy.pause();\nhomePage.getShopTab().click(); //moving to shop page\nconst products = this.data.productName;\nproducts.forEach(element => {\n  cy.selectProduct(element);\n});\nproductsPage.getCheckoutButton().click(); // var sum = 0;\n// cy.get(\"tr td:nth-child(4) strong\")\n//   .each((element) => {\n//     let actualText = element.text().split(\" \"); //[₹., 50000]\n//     actualText = actualText[1].trim();\n//     sum = Number(sum) + Number(actualText);\n//   })\n//   .then(() => {\n//     cy.log(sum);\n//   });\nproductsPage.summTotals();\ncy.get(\"button.btn-success\").click();\nCypress.config(\"defaultCommandTimeout\", 7000); //set up configs only for cuttent test\ncy.get(\"#country\").type(\"India\");\ncy.get(\".suggestions > ul > li > a\").click();\ncy.get(\"#checkbox2\").check({\n  force: true\n});\ncy.get('input[type=\"submit\"]').click(); // cy.get(\"div.alert-success\").should(\n//   \"have.text\",\n//   \"Success! Thank you! Your order will be delivered in next few weeks :-).\"\n// ); //error\ncy.get(\"div.alert-success\").then(element => {\n  const text = element.text();\n  expect(text.includes(\"Success\")).to.be.true;\n});",
              "err": {},
              "uuid": "e4d023ec-909b-428e-9cff-96f353e67617",
              "parentUUID": "b5c5aec1-7030-423d-b92f-264911c7fdc6",
              "isHook": false,
              "skipped": false
            }
          ],
          "suites": [],
          "passes": [
            "e4d023ec-909b-428e-9cff-96f353e67617"
          ],
          "failures": [],
          "pending": [],
          "skipped": [],
          "duration": 11721,
          "root": false,
          "rootEmpty": false,
          "_timeout": 2000
        }
      ],
      "passes": [],
      "failures": [],
      "pending": [],
      "skipped": [],
      "duration": 0,
      "root": true,
      "rootEmpty": true,
      "_timeout": 2000
    }
  ],
  "meta": {
    "mocha": {
      "version": "7.0.1"
    },
    "mochawesome": {
      "options": {
        "quiet": false,
        "reportFilename": "mochawesome",
        "saveHtml": true,
        "saveJson": true,
        "consoleReporter": "spec",
        "useInlineDiffs": false,
        "code": true
      },
      "version": "7.0.1"
    },
    "marge": {
      "options": null,
      "version": "6.0.1"
    }
  }
}